<?xml version="1.0" encoding="UTF-8"?>
<testsuite name="mpti.chat.ChatApplicationTests" tests="1" skipped="0" failures="0" errors="0" timestamp="2023-02-02T01:22:54" hostname="DESKTOP-DOGVPUB" time="0.491">
  <properties/>
  <testcase name="contextLoads()" classname="mpti.chat.ChatApplicationTests" time="0.491"/>
  <system-out><![CDATA[10:22:51.089 [Test worker] DEBUG org.springframework.test.context.BootstrapUtils - Instantiating CacheAwareContextLoaderDelegate from class [org.springframework.test.context.cache.DefaultCacheAwareContextLoaderDelegate]
10:22:51.101 [Test worker] DEBUG org.springframework.test.context.BootstrapUtils - Instantiating BootstrapContext using constructor [public org.springframework.test.context.support.DefaultBootstrapContext(java.lang.Class,org.springframework.test.context.CacheAwareContextLoaderDelegate)]
10:22:51.135 [Test worker] DEBUG org.springframework.test.context.BootstrapUtils - Instantiating TestContextBootstrapper for test class [mpti.chat.ChatApplicationTests] from class [org.springframework.boot.test.context.SpringBootTestContextBootstrapper]
10:22:51.146 [Test worker] INFO org.springframework.boot.test.context.SpringBootTestContextBootstrapper - Neither @ContextConfiguration nor @ContextHierarchy found for test class [mpti.chat.ChatApplicationTests], using SpringBootContextLoader
10:22:51.150 [Test worker] DEBUG org.springframework.test.context.support.AbstractContextLoader - Did not detect default resource location for test class [mpti.chat.ChatApplicationTests]: class path resource [mpti/chat/ChatApplicationTests-context.xml] does not exist
10:22:51.151 [Test worker] DEBUG org.springframework.test.context.support.AbstractContextLoader - Did not detect default resource location for test class [mpti.chat.ChatApplicationTests]: class path resource [mpti/chat/ChatApplicationTestsContext.groovy] does not exist
10:22:51.151 [Test worker] INFO org.springframework.test.context.support.AbstractContextLoader - Could not detect default resource locations for test class [mpti.chat.ChatApplicationTests]: no resource found for suffixes {-context.xml, Context.groovy}.
10:22:51.151 [Test worker] INFO org.springframework.test.context.support.AnnotationConfigContextLoaderUtils - Could not detect default configuration classes for test class [mpti.chat.ChatApplicationTests]: ChatApplicationTests does not declare any static, non-private, non-final, nested classes annotated with @Configuration.
10:22:51.191 [Test worker] DEBUG org.springframework.test.context.support.ActiveProfilesUtils - Could not find an 'annotation declaring class' for annotation type [org.springframework.test.context.ActiveProfiles] and class [mpti.chat.ChatApplicationTests]
10:22:51.253 [Test worker] DEBUG org.springframework.context.annotation.ClassPathScanningCandidateComponentProvider - Identified candidate component class: file [C:\Users\SSAFY\git\common\chat\build\classes\java\main\mpti\ChatApplication.class]
10:22:51.254 [Test worker] INFO org.springframework.boot.test.context.SpringBootTestContextBootstrapper - Found @SpringBootConfiguration mpti.ChatApplication for test class mpti.chat.ChatApplicationTests
10:22:51.364 [Test worker] DEBUG org.springframework.boot.test.context.SpringBootTestContextBootstrapper - @TestExecutionListeners is not present for class [mpti.chat.ChatApplicationTests]: using defaults.
10:22:51.365 [Test worker] INFO org.springframework.boot.test.context.SpringBootTestContextBootstrapper - Loaded default TestExecutionListener class names from location [META-INF/spring.factories]: [org.springframework.security.test.context.support.WithSecurityContextTestExecutionListener, org.springframework.security.test.context.support.ReactorContextTestExecutionListener, org.springframework.boot.test.autoconfigure.restdocs.RestDocsTestExecutionListener, org.springframework.boot.test.autoconfigure.web.client.MockRestServiceServerResetTestExecutionListener, org.springframework.boot.test.autoconfigure.web.servlet.MockMvcPrintOnlyOnFailureTestExecutionListener, org.springframework.boot.test.autoconfigure.web.servlet.WebDriverTestExecutionListener, org.springframework.boot.test.autoconfigure.webservices.client.MockWebServiceServerTestExecutionListener, org.springframework.boot.test.mock.mockito.MockitoTestExecutionListener, org.springframework.boot.test.mock.mockito.ResetMocksTestExecutionListener, org.springframework.test.context.web.ServletTestExecutionListener, org.springframework.test.context.support.DirtiesContextBeforeModesTestExecutionListener, org.springframework.test.context.event.ApplicationEventsTestExecutionListener, org.springframework.test.context.support.DependencyInjectionTestExecutionListener, org.springframework.test.context.support.DirtiesContextTestExecutionListener, org.springframework.test.context.transaction.TransactionalTestExecutionListener, org.springframework.test.context.jdbc.SqlScriptsTestExecutionListener, org.springframework.test.context.event.EventPublishingTestExecutionListener]
10:22:51.385 [Test worker] INFO org.springframework.boot.test.context.SpringBootTestContextBootstrapper - Using TestExecutionListeners: [org.springframework.test.context.web.ServletTestExecutionListener@31e3250d, org.springframework.test.context.support.DirtiesContextBeforeModesTestExecutionListener@19fe4644, org.springframework.test.context.event.ApplicationEventsTestExecutionListener@21d8bcbe, org.springframework.boot.test.mock.mockito.MockitoTestExecutionListener@5be067de, org.springframework.boot.test.autoconfigure.SpringBootDependencyInjectionTestExecutionListener@7383eae2, org.springframework.test.context.support.DirtiesContextTestExecutionListener@18245eb0, org.springframework.test.context.transaction.TransactionalTestExecutionListener@7c7d3c46, org.springframework.test.context.jdbc.SqlScriptsTestExecutionListener@24fb6a80, org.springframework.security.test.context.support.WithSecurityContextTestExecutionListener@48c35007, org.springframework.test.context.event.EventPublishingTestExecutionListener@72a85671, org.springframework.security.test.context.support.ReactorContextTestExecutionListener@6722db6e, org.springframework.boot.test.autoconfigure.restdocs.RestDocsTestExecutionListener@18f20260, org.springframework.boot.test.autoconfigure.web.client.MockRestServiceServerResetTestExecutionListener@4ae33a11, org.springframework.boot.test.autoconfigure.web.servlet.MockMvcPrintOnlyOnFailureTestExecutionListener@7a48e6e2, org.springframework.boot.test.autoconfigure.web.servlet.WebDriverTestExecutionListener@b40bb6e, org.springframework.boot.test.autoconfigure.webservices.client.MockWebServiceServerTestExecutionListener@3a94964, org.springframework.boot.test.mock.mockito.ResetMocksTestExecutionListener@5049d8b2]
10:22:51.390 [Test worker] DEBUG org.springframework.test.context.support.AbstractDirtiesContextTestExecutionListener - Before test class: context [DefaultTestContext@45be7cd5 testClass = ChatApplicationTests, testInstance = [null], testMethod = [null], testException = [null], mergedContextConfiguration = [WebMergedContextConfiguration@7651218e testClass = ChatApplicationTests, locations = '{}', classes = '{class mpti.ChatApplication}', contextInitializerClasses = '[]', activeProfiles = '{}', propertySourceLocations = '{}', propertySourceProperties = '{org.springframework.boot.test.context.SpringBootTestContextBootstrapper=true}', contextCustomizers = set[org.springframework.boot.test.autoconfigure.actuate.metrics.MetricsExportContextCustomizerFactory$DisableMetricExportContextCustomizer@554e218, org.springframework.boot.test.autoconfigure.properties.PropertyMappingContextCustomizer@0, org.springframework.boot.test.autoconfigure.web.servlet.WebDriverContextCustomizerFactory$Customizer@32a68f4f, org.springframework.boot.test.context.filter.ExcludeFilterContextCustomizer@31dadd46, org.springframework.boot.test.json.DuplicateJsonObjectContextCustomizerFactory$DuplicateJsonObjectContextCustomizer@1f010bf0, org.springframework.boot.test.mock.mockito.MockitoContextCustomizer@0, org.springframework.boot.test.web.client.TestRestTemplateContextCustomizer@3d1848cc, org.springframework.boot.test.context.SpringBootTestArgs@1, org.springframework.boot.test.context.SpringBootTestWebEnvironment@72cde7cc], resourceBasePath = 'src/main/webapp', contextLoader = 'org.springframework.boot.test.context.SpringBootContextLoader', parent = [null]], attributes = map['org.springframework.test.context.web.ServletTestExecutionListener.activateListener' -> true]], class annotated with @DirtiesContext [false] with mode [null].

  .   ____          _            __ _ _
 /\\ / ___'_ __ _ _(_)_ __  __ _ \ \ \ \
( ( )\___ | '_ | '_| | '_ \/ _` | \ \ \ \
 \\/  ___)| |_)| | | | | || (_| |  ) ) ) )
  '  |____| .__|_| |_|_| |_\__, | / / / /
 =========|_|==============|___/=/_/_/_/
 :: Spring Boot ::                (v2.7.8)

2023-02-02 10:22:51.751  INFO 3352 --- [    Test worker] mpti.chat.ChatApplicationTests           : Starting ChatApplicationTests using Java 15.0.9 on DESKTOP-DOGVPUB with PID 3352 (started by SSAFY in C:\Users\SSAFY\git\common\chat)
2023-02-02 10:22:51.752  INFO 3352 --- [    Test worker] mpti.chat.ChatApplicationTests           : No active profile set, falling back to 1 default profile: "default"
2023-02-02 10:22:52.395  INFO 3352 --- [    Test worker] .s.d.r.c.RepositoryConfigurationDelegate : Bootstrapping Spring Data MongoDB repositories in DEFAULT mode.
2023-02-02 10:22:52.457  INFO 3352 --- [    Test worker] .s.d.r.c.RepositoryConfigurationDelegate : Finished Spring Data repository scanning in 57 ms. Found 2 MongoDB repository interfaces.
2023-02-02 10:22:53.247  INFO 3352 --- [    Test worker] org.mongodb.driver.client                : MongoClient with metadata {"driver": {"name": "mongo-java-driver|sync|spring-boot", "version": "4.6.1"}, "os": {"type": "Windows", "name": "Windows 10", "architecture": "amd64", "version": "10.0"}, "platform": "Java/Azul Systems, Inc./15.0.9+5-MTS"} created with settings MongoClientSettings{readPreference=primary, writeConcern=WriteConcern{w=null, wTimeout=null ms, journal=null}, retryWrites=true, retryReads=true, readConcern=ReadConcern{level=null}, credential=null, streamFactoryFactory=null, commandListeners=[], codecRegistry=ProvidersCodecRegistry{codecProviders=[ValueCodecProvider{}, BsonValueCodecProvider{}, DBRefCodecProvider{}, DBObjectCodecProvider{}, DocumentCodecProvider{}, IterableCodecProvider{}, MapCodecProvider{}, GeoJsonCodecProvider{}, GridFSFileCodecProvider{}, Jsr310CodecProvider{}, JsonObjectCodecProvider{}, BsonCodecProvider{}, EnumCodecProvider{}, com.mongodb.Jep395RecordCodecProvider@7f5614f9]}, clusterSettings={hosts=[i8a803.p.ssafy.io:27017], srvServiceName=mongodb, mode=SINGLE, requiredClusterType=UNKNOWN, requiredReplicaSetName='null', serverSelector='null', clusterListeners='[]', serverSelectionTimeout='30000 ms', localThreshold='30000 ms'}, socketSettings=SocketSettings{connectTimeoutMS=10000, readTimeoutMS=0, receiveBufferSize=0, sendBufferSize=0}, heartbeatSocketSettings=SocketSettings{connectTimeoutMS=10000, readTimeoutMS=10000, receiveBufferSize=0, sendBufferSize=0}, connectionPoolSettings=ConnectionPoolSettings{maxSize=100, minSize=0, maxWaitTimeMS=120000, maxConnectionLifeTimeMS=0, maxConnectionIdleTimeMS=0, maintenanceInitialDelayMS=0, maintenanceFrequencyMS=60000, connectionPoolListeners=[], maxConnecting=2}, serverSettings=ServerSettings{heartbeatFrequencyMS=10000, minHeartbeatFrequencyMS=500, serverListeners='[]', serverMonitorListeners='[]'}, sslSettings=SslSettings{enabled=false, invalidHostNameAllowed=false, context=null}, applicationName='null', compressorList=[], uuidRepresentation=JAVA_LEGACY, serverApi=null, autoEncryptionSettings=null, contextProvider=null}
2023-02-02 10:22:53.307  INFO 3352 --- [.ssafy.io:27017] org.mongodb.driver.connection            : Opened connection [connectionId{localValue:1, serverValue:243}] to i8a803.p.ssafy.io:27017
2023-02-02 10:22:53.307  INFO 3352 --- [.ssafy.io:27017] org.mongodb.driver.connection            : Opened connection [connectionId{localValue:2, serverValue:242}] to i8a803.p.ssafy.io:27017
2023-02-02 10:22:53.307  INFO 3352 --- [.ssafy.io:27017] org.mongodb.driver.cluster               : Monitor thread successfully connected to server with description ServerDescription{address=i8a803.p.ssafy.io:27017, type=STANDALONE, state=CONNECTED, ok=true, minWireVersion=0, maxWireVersion=17, maxDocumentSize=16777216, logicalSessionTimeoutMinutes=30, roundTripTimeNanos=51025500}
2023-02-02 10:22:53.713  WARN 3352 --- [    Test worker] .s.s.UserDetailsServiceAutoConfiguration : 

Using generated security password: 1b757f12-e4c5-4ff9-946c-b636b6ad5d4a

This generated password is for development use only. Your security configuration must be updated before running your application in production.

2023-02-02 10:22:53.878  INFO 3352 --- [    Test worker] o.s.s.web.DefaultSecurityFilterChain     : Will secure any request with [org.springframework.security.web.session.DisableEncodeUrlFilter@5889fc44, org.springframework.security.web.context.request.async.WebAsyncManagerIntegrationFilter@6598caab, org.springframework.security.web.context.SecurityContextPersistenceFilter@46d1b59, org.springframework.security.web.header.HeaderWriterFilter@7b7068d8, org.springframework.web.filter.CorsFilter@47f2c722, org.springframework.security.web.authentication.logout.LogoutFilter@ce561cc, org.springframework.security.web.savedrequest.RequestCacheAwareFilter@85ab964, org.springframework.security.web.servletapi.SecurityContextHolderAwareRequestFilter@3e2d44f3, org.springframework.security.web.authentication.AnonymousAuthenticationFilter@52ca0ad4, org.springframework.security.web.session.SessionManagementFilter@4586a8aa, org.springframework.security.web.access.ExceptionTranslationFilter@4c2ab536]
2023-02-02 10:22:54.670  INFO 3352 --- [    Test worker] o.s.m.s.b.SimpleBrokerMessageHandler     : Starting...
2023-02-02 10:22:54.670  INFO 3352 --- [    Test worker] o.s.m.s.b.SimpleBrokerMessageHandler     : BrokerAvailabilityEvent[available=true, SimpleBrokerMessageHandler [org.springframework.messaging.simp.broker.DefaultSubscriptionRegistry@1f5d7fd5]]
2023-02-02 10:22:54.671  INFO 3352 --- [    Test worker] o.s.m.s.b.SimpleBrokerMessageHandler     : Started.
2023-02-02 10:22:54.682  INFO 3352 --- [    Test worker] mpti.chat.ChatApplicationTests           : Started ChatApplicationTests in 3.253 seconds (JVM running for 4.378)
]]></system-out>
  <system-err><![CDATA[]]></system-err>
</testsuite>
